"blank"					"=========================="
"blank"					"MOVEMENT"
"blank"					"=========================="
"+forward"					"Move Forward"
"+back"						"Move Back"
"+moveleft"					"Move Left"
"+moveright"				"Move Right"
"+jump"						"Jump"
"+duck"						"Duck"
"blank"					"=========================="
"blank"					"ACTIONS"
"blank"					"=========================="
"att1"						"Fire Blue Portal"
"att2"						"Fire Orange Portal"
"att3"						"Fire Time Portal"
"using"						"Use Object"
"holo"						"Toggle Portal Ghosting"
"+zoom_in"					"Zoom In"
"+zoom_out"					"Zoom Out"
"blank"					"=========================="
"blank"					"CO-OP"
"blank"					"=========================="
"+remote_view"				"Partner View"
"+mouse_menu"				"Ping Tool"
"say"						"Chat Message"
"blank"					"=========================="
"blank"					"MISCELLANEOUS"
"blank"					"=========================="
"save quick"				"Quick Save"
"load quick"				"Quick Load"
"toggleconsole"				"Developer Console"