"w"				"+forward"
"UPARROW"		"+forward"
"s"				"+back"
"DOWNARROW"		"+back"
"LEFTARROW"		"+left"
"RIGHTARROW"	"+right"
"a"				"+moveleft"
","				"+moveleft"
"d"				"+moveright"
"."				"+moveright"
"SPACE"			"+jump"
"CTRL"			"+duck"
"e"				"using"
"v"				"+moveup"
"'"				"+moveup"
"/"				"+movedown"
"PGUP"			"+lookup"
"PGDN"			"+lookdown"
"END"			"centerview"
"z"				"+strafe"
"INS"			"+klook"
";"				"+mlook"
"r"				"+slowtime"
"SHIFT"			"+speed"
"MOUSE1"		"att1"
"ENTER"			"att2"
"MOUSE2"		"att2"
"\\"			"att2"
"F5"			"jpeg"
"F6"			"save quick"
"F7"			"load quick"
"F8"			"quit prompt"
"PAUSE"			"pause"
"ESCAPE"		"escape"
"F10"			"toggleconsole"
"y"				"messagemode"
"u"				"messagemode2"